  Main.cpp
  The contents of <string_view> are available only with C++17 or later.
C:\Users\Sam\source\repos\Havok.cc-Rust-External\rust\SDK\Math.hpp(127,21): error C7525: inline variables require at least '/std:c++17'
C:\Users\Sam\source\repos\Havok.cc-Rust-External\rust\SDK\Math.hpp(270,25): warning C4305: 'initializing': truncation from 'double' to 'float'
C:\Users\Sam\source\repos\Havok.cc-Rust-External\rust\SDK\Math.hpp(272,19): warning C4305: '+=': truncation from 'double' to 'float'
C:\Users\Sam\source\repos\Havok.cc-Rust-External\rust\SDK\Math.hpp(274,19): warning C4305: '-=': truncation from 'double' to 'float'
C:\Users\Sam\source\repos\Havok.cc-Rust-External\rust\SDK\Math.hpp(276,19): warning C4305: '+=': truncation from 'double' to 'float'
C:\Users\Sam\source\repos\Havok.cc-Rust-External\rust\SDK\Math.hpp(277,32): warning C4244: '=': conversion from 'double' to 'float', possible loss of data
C:\Users\Sam\source\repos\Havok.cc-Rust-External\rust\SDK\Math.hpp(286,66): warning C4244: 'argument': conversion from 'double' to 'float', possible loss of data
C:\Users\Sam\source\repos\Havok.cc-Rust-External\rust\SDK\Driver.hpp(52,53): error C2039: 'string_view': is not a member of 'std'
C:\Program Files (x86)\Microsoft Visual Studio\2019\Community\VC\Tools\MSVC\14.28.29333\include\map(25): message : see declaration of 'std'
C:\Users\Sam\source\repos\Havok.cc-Rust-External\rust\SDK\Driver.hpp(52,65): error C2065: 'string_view': undeclared identifier
C:\Users\Sam\source\repos\Havok.cc-Rust-External\rust\SDK\Driver.hpp(52,65): error C2146: syntax error: missing ')' before identifier 'process_name'
C:\Users\Sam\source\repos\Havok.cc-Rust-External\rust\SDK\Driver.hpp(53,1): error C2143: syntax error: missing ';' before '{'
C:\Users\Sam\source\repos\Havok.cc-Rust-External\rust\SDK\Driver.hpp(53,1): error C2447: '{': missing function header (old-style formal list?)
C:\Users\Sam\source\repos\Havok.cc-Rust-External\rust\SDK\Driver.hpp(72,2): error C2664: 'HMODULE LoadLibraryW(LPCWSTR)': cannot convert argument 1 from 'const char [11]' to 'LPCWSTR'
C:\Users\Sam\source\repos\Havok.cc-Rust-External\rust\SDK\Driver.hpp(72,14): message : Types pointed to are unrelated; conversion requires reinterpret_cast, C-style cast or function-style cast
C:\Program Files (x86)\Windows Kits\10\Include\10.0.19041.0\um\libloaderapi.h(665,1): message : see declaration of 'LoadLibraryW'
C:\Users\Sam\source\repos\Havok.cc-Rust-External\rust\SDK\Driver.hpp(72,13): message : 'LoadLibraryW': function declaration must be available as none of the arguments depend on a template parameter
C:\Users\Sam\source\repos\Havok.cc-Rust-External\rust\SDK\Driver.hpp(73,42): error C2664: 'HMODULE LoadLibraryW(LPCWSTR)': cannot convert argument 1 from 'const char [11]' to 'LPCWSTR'
C:\Users\Sam\source\repos\Havok.cc-Rust-External\rust\SDK\Driver.hpp(73,54): message : Types pointed to are unrelated; conversion requires reinterpret_cast, C-style cast or function-style cast
C:\Program Files (x86)\Windows Kits\10\Include\10.0.19041.0\um\libloaderapi.h(665,1): message : see declaration of 'LoadLibraryW'
C:\Users\Sam\source\repos\Havok.cc-Rust-External\rust\SDK\Driver.hpp(73,53): message : 'LoadLibraryW': function declaration must be available as none of the arguments depend on a template parameter
C:\Users\Sam\source\repos\Havok.cc-Rust-External\rust\SDK\Driver.hpp(82,29): warning C4229: anachronism used: modifiers on data are ignored
C:\Users\Sam\source\repos\Havok.cc-Rust-External\rust\SDK\Driver.hpp(101,29): warning C4229: anachronism used: modifiers on data are ignored
C:\Users\Sam\source\repos\Havok.cc-Rust-External\rust\SDK\Driver.hpp(159,29): warning C4229: anachronism used: modifiers on data are ignored
C:\Users\Sam\source\repos\Havok.cc-Rust-External\rust\SDK\Driver.hpp(180,29): warning C4229: anachronism used: modifiers on data are ignored
C:\Users\Sam\source\repos\Havok.cc-Rust-External\rust\SDK\Driver.hpp(195,29): warning C4229: anachronism used: modifiers on data are ignored
C:\Users\Sam\source\repos\Havok.cc-Rust-External\rust\SDK\Driver.hpp(213,29): warning C4229: anachronism used: modifiers on data are ignored
C:\Users\Sam\source\repos\Havok.cc-Rust-External\rust\Overlay\color.hpp(5,1): warning C4005: 'M_PI': macro redefinition
C:\Users\Sam\source\repos\Havok.cc-Rust-External\rust\SDK\Math.hpp(131): message : see previous definition of 'M_PI'
C:\Users\Sam\source\repos\Havok.cc-Rust-External\rust\Overlay\color.hpp(17,27): warning C4244: '=': conversion from 'uint32_t' to 'float', possible loss of data
C:\Users\Sam\source\repos\Havok.cc-Rust-External\rust\Overlay\color.hpp(18,27): warning C4244: '=': conversion from 'uint32_t' to 'float', possible loss of data
C:\Users\Sam\source\repos\Havok.cc-Rust-External\rust\Overlay\color.hpp(19,26): warning C4244: '=': conversion from 'uint32_t' to 'float', possible loss of data
C:\Users\Sam\source\repos\Havok.cc-Rust-External\rust\Overlay\color.hpp(20,20): warning C4244: '=': conversion from 'uint32_t' to 'float', possible loss of data
C:\Users\Sam\source\repos\Havok.cc-Rust-External\rust\Overlay\color.hpp(64,57): warning C4244: '=': conversion from 'double' to 'float', possible loss of data
C:\Users\Sam\source\repos\Havok.cc-Rust-External\rust\Overlay\color.hpp(65,57): warning C4244: '=': conversion from 'double' to 'float', possible loss of data
C:\Users\Sam\source\repos\Havok.cc-Rust-External\rust\Overlay\color.hpp(80,13): warning C4244: 'initializing': conversion from 'float' to 'DWORD', possible loss of data
C:\Users\Sam\source\repos\Havok.cc-Rust-External\rust\Overlay\color.hpp(85,34): warning C4244: 'argument': conversion from 'double' to 'float', possible loss of data
C:\Users\Sam\source\repos\Havok.cc-Rust-External\rust\Overlay\color.hpp(84,34): warning C4244: 'argument': conversion from 'double' to 'float', possible loss of data
C:\Users\Sam\source\repos\Havok.cc-Rust-External\rust\Overlay\color.hpp(83,34): warning C4244: 'argument': conversion from 'double' to 'float', possible loss of data
C:\Users\Sam\source\repos\Havok.cc-Rust-External\rust\Overlay\Overlay.hpp(15,17): error C7525: inline variables require at least '/std:c++17'
C:\Users\Sam\source\repos\Havok.cc-Rust-External\rust\Overlay\Overlay.hpp(16,17): error C7525: inline variables require at least '/std:c++17'
C:\Users\Sam\source\repos\Havok.cc-Rust-External\rust\Overlay\Overlay.hpp(17,17): error C7525: inline variables require at least '/std:c++17'
C:\Users\Sam\source\repos\Havok.cc-Rust-External\rust\Overlay\Overlay.hpp(18,17): error C7525: inline variables require at least '/std:c++17'
C:\Users\Sam\source\repos\Havok.cc-Rust-External\rust\Overlay\Overlay.hpp(19,17): error C7525: inline variables require at least '/std:c++17'
C:\Users\Sam\source\repos\Havok.cc-Rust-External\rust\SDK\HeldItem.hpp(55,31): warning C4309: 'argument': truncation of constant value
C:\Users\Sam\source\repos\Havok.cc-Rust-External\rust\SDK\BasePlayer.hpp(198,38): warning C4244: 'argument': conversion from 'int' to 'const S', possible loss of data
          with
          [
              S=float
          ]
C:\Users\Sam\source\repos\Havok.cc-Rust-External\rust\SDK\BasePlayer.hpp(279,38): warning C4244: 'return': conversion from 'float' to 'int', possible loss of data
C:\Users\Sam\source\repos\Havok.cc-Rust-External\rust\SDK\BasePlayer.hpp(513,47): warning C4244: 'argument': conversion from 'int' to 'const S', possible loss of data
          with
          [
              S=float
          ]
C:\Users\Sam\source\repos\Havok.cc-Rust-External\rust\SDK\BasePlayer.hpp(554,1): warning C4305: 'argument': truncation from 'double' to 'const S'
          with
          [
              S=float
          ]
C:\Users\Sam\source\repos\Havok.cc-Rust-External\rust\Features\Aimbot\Aimbot.hpp(73,66): warning C4244: 'argument': conversion from 'unsigned int' to 'float', possible loss of data
C:\Users\Sam\source\repos\Havok.cc-Rust-External\rust\Features\Aimbot\Aimbot.hpp(73,48): warning C4244: 'argument': conversion from 'unsigned int' to 'float', possible loss of data
C:\Users\Sam\source\repos\Havok.cc-Rust-External\rust\Features\Aimbot\Aimbot.hpp(97,8): warning C4804: '/=': unsafe use of type 'bool' in operation
C:\Users\Sam\source\repos\Havok.cc-Rust-External\rust\Features\Aimbot\Aimbot.hpp(98,8): warning C4804: '/=': unsafe use of type 'bool' in operation
C:\Users\Sam\source\repos\Havok.cc-Rust-External\rust\Features\ESP\DrawESP.hpp(30,86): warning C4305: 'argument': truncation from 'double' to 'float'
C:\Users\Sam\source\repos\Havok.cc-Rust-External\rust\Features\ESP\DrawESP.hpp(55,86): warning C4305: 'argument': truncation from 'double' to 'float'
C:\Users\Sam\source\repos\Havok.cc-Rust-External\rust\Features\ESP\DrawESP.hpp(80,87): warning C4305: 'argument': truncation from 'double' to 'float'
C:\Users\Sam\source\repos\Havok.cc-Rust-External\rust\Features\ESP\DrawESP.hpp(99,87): warning C4305: 'argument': truncation from 'double' to 'float'
C:\Users\Sam\source\repos\Havok.cc-Rust-External\rust\Features\ESP\DrawESP.hpp(111,89): warning C4305: 'argument': truncation from 'double' to 'float'
C:\Users\Sam\source\repos\Havok.cc-Rust-External\rust\Features\ESP\DrawESP.hpp(144,14): warning C4244: 'initializing': conversion from 'unsigned int' to 'float', possible loss of data
C:\Users\Sam\source\repos\Havok.cc-Rust-External\rust\Features\ESP\DrawESP.hpp(145,14): warning C4244: 'initializing': conversion from 'unsigned int' to 'float', possible loss of data
C:\Users\Sam\source\repos\Havok.cc-Rust-External\rust\Features\ESP\DrawESP.hpp(146,156): warning C4244: 'argument': conversion from 'int' to 'float', possible loss of data
C:\Users\Sam\source\repos\Havok.cc-Rust-External\rust\Features\ESP\DrawESP.hpp(147,156): warning C4244: 'argument': conversion from 'int' to 'float', possible loss of data
C:\Users\Sam\source\repos\Havok.cc-Rust-External\rust\Features\ESP\DrawESP.hpp(148,156): warning C4244: 'argument': conversion from 'int' to 'float', possible loss of data
C:\Users\Sam\source\repos\Havok.cc-Rust-External\rust\Features\ESP\DrawESP.hpp(149,156): warning C4244: 'argument': conversion from 'int' to 'float', possible loss of data
C:\Users\Sam\source\repos\Havok.cc-Rust-External\rust\Features\ESP\DrawESP.hpp(171,12): warning C4244: 'initializing': conversion from 'unsigned int' to 'float', possible loss of data
C:\Users\Sam\source\repos\Havok.cc-Rust-External\rust\Features\ESP\DrawESP.hpp(172,12): warning C4244: 'initializing': conversion from 'unsigned int' to 'float', possible loss of data
C:\Users\Sam\source\repos\Havok.cc-Rust-External\rust\Features\ESP\ESP.hpp(60,57): warning C4244: 'argument': conversion from 'unsigned int' to 'float', possible loss of data
C:\Users\Sam\source\repos\Havok.cc-Rust-External\rust\Features\ESP\ESP.hpp(60,39): warning C4244: 'argument': conversion from 'unsigned int' to 'float', possible loss of data
C:\Users\Sam\source\repos\Havok.cc-Rust-External\rust\Features\ESP\ESP.hpp(60,73): warning C4244: 'argument': conversion from 'int' to 'float', possible loss of data
C:\Users\Sam\source\repos\Havok.cc-Rust-External\rust\Features\ESP\ESP.hpp(92,27): warning C4244: 'initializing': conversion from 'int' to 'float', possible loss of data
C:\Users\Sam\source\repos\Havok.cc-Rust-External\rust\Features\ESP\ESP.hpp(93,27): warning C4244: 'initializing': conversion from 'int' to 'float', possible loss of data
C:\Users\Sam\source\repos\Havok.cc-Rust-External\rust\Features\ESP\ESP.hpp(119,27): warning C4244: 'initializing': conversion from 'int' to 'float', possible loss of data
C:\Users\Sam\source\repos\Havok.cc-Rust-External\rust\Features\ESP\ESP.hpp(120,27): warning C4244: 'initializing': conversion from 'int' to 'float', possible loss of data
C:\Users\Sam\source\repos\Havok.cc-Rust-External\rust\Features\ESP\ESP.hpp(146,28): warning C4244: 'initializing': conversion from 'int' to 'float', possible loss of data
C:\Users\Sam\source\repos\Havok.cc-Rust-External\rust\Features\ESP\ESP.hpp(147,28): warning C4244: 'initializing': conversion from 'int' to 'float', possible loss of data
C:\Users\Sam\source\repos\Havok.cc-Rust-External\rust\Features\ESP\ESP.hpp(165,27): warning C4244: 'initializing': conversion from 'int' to 'float', possible loss of data
C:\Users\Sam\source\repos\Havok.cc-Rust-External\rust\Features\ESP\ESP.hpp(166,27): warning C4244: 'initializing': conversion from 'int' to 'float', possible loss of data
C:\Users\Sam\source\repos\Havok.cc-Rust-External\rust\Features\MISC\DoMisc.hpp(110,58): warning C4244: 'argument': conversion from 'double' to 'const S', possible loss of data
          with
          [
              S=float
          ]
C:\Users\Sam\source\repos\Havok.cc-Rust-External\rust\Features\MISC\DoMisc.hpp(111,58): warning C4244: 'argument': conversion from 'double' to 'const S', possible loss of data
          with
          [
              S=float
          ]
C:\Users\Sam\source\repos\Havok.cc-Rust-External\rust\Features\MISC\DoMisc.hpp(112,60): warning C4244: 'argument': conversion from 'double' to 'const S', possible loss of data
          with
          [
              S=float
          ]
C:\Users\Sam\source\repos\Havok.cc-Rust-External\rust\Features\MISC\DoMisc.hpp(113,60): warning C4244: 'argument': conversion from 'double' to 'const S', possible loss of data
          with
          [
              S=float
          ]
C:\Users\Sam\source\repos\Havok.cc-Rust-External\rust\Entity\EntityLoop.hpp(30,23): warning C4018: '<': signed/unsigned mismatch
C:\Users\Sam\source\repos\Havok.cc-Rust-External\rust\Main.cpp(57,9): error C3861: 'get_process_id': identifier not found
  imgui.cpp
  imgui_demo.cpp
  imgui_draw.cpp
  imgui_impl_dx9.cpp
  imgui_impl_win32.cpp
  imgui_widgets.cpp
  Settings.cpp
  The contents of <string_view> are available only with C++17 or later.
C:\Users\Sam\source\repos\Havok.cc-Rust-External\rust\Overlay\Menu\Settings.cpp(55,29): warning C4305: 'initializing': truncation from 'double' to 'float'
C:\Users\Sam\source\repos\Havok.cc-Rust-External\rust\Overlay\Menu\Settings.cpp(119,64): warning C4305: 'initializing': truncation from 'double' to 'float'
  Overlay.cpp
C:\Users\Sam\source\repos\Havok.cc-Rust-External\rust\Overlay\color.hpp(17,27): warning C4244: '=': conversion from 'uint32_t' to 'float', possible loss of data
C:\Users\Sam\source\repos\Havok.cc-Rust-External\rust\Overlay\color.hpp(18,27): warning C4244: '=': conversion from 'uint32_t' to 'float', possible loss of data
C:\Users\Sam\source\repos\Havok.cc-Rust-External\rust\Overlay\color.hpp(19,26): warning C4244: '=': conversion from 'uint32_t' to 'float', possible loss of data
C:\Users\Sam\source\repos\Havok.cc-Rust-External\rust\Overlay\color.hpp(20,20): warning C4244: '=': conversion from 'uint32_t' to 'float', possible loss of data
C:\Users\Sam\source\repos\Havok.cc-Rust-External\rust\Overlay\color.hpp(64,57): warning C4244: '=': conversion from 'double' to 'float', possible loss of data
C:\Users\Sam\source\repos\Havok.cc-Rust-External\rust\Overlay\color.hpp(65,57): warning C4244: '=': conversion from 'double' to 'float', possible loss of data
C:\Users\Sam\source\repos\Havok.cc-Rust-External\rust\Overlay\color.hpp(80,13): warning C4244: 'initializing': conversion from 'float' to 'DWORD', possible loss of data
C:\Users\Sam\source\repos\Havok.cc-Rust-External\rust\Overlay\color.hpp(85,34): warning C4244: 'argument': conversion from 'double' to 'float', possible loss of data
C:\Users\Sam\source\repos\Havok.cc-Rust-External\rust\Overlay\color.hpp(84,34): warning C4244: 'argument': conversion from 'double' to 'float', possible loss of data
C:\Users\Sam\source\repos\Havok.cc-Rust-External\rust\Overlay\color.hpp(83,34): warning C4244: 'argument': conversion from 'double' to 'float', possible loss of data
C:\Users\Sam\source\repos\Havok.cc-Rust-External\rust\Overlay\Overlay.hpp(15,17): error C7525: inline variables require at least '/std:c++17'
C:\Users\Sam\source\repos\Havok.cc-Rust-External\rust\Overlay\Overlay.hpp(16,17): error C7525: inline variables require at least '/std:c++17'
C:\Users\Sam\source\repos\Havok.cc-Rust-External\rust\Overlay\Overlay.hpp(17,17): error C7525: inline variables require at least '/std:c++17'
C:\Users\Sam\source\repos\Havok.cc-Rust-External\rust\Overlay\Overlay.hpp(18,17): error C7525: inline variables require at least '/std:c++17'
C:\Users\Sam\source\repos\Havok.cc-Rust-External\rust\Overlay\Overlay.hpp(19,17): error C7525: inline variables require at least '/std:c++17'
  C:\Program Files (x86)\Windows Kits\10\Include\10.0.19041.0\um\dinput.h: DIRECTINPUT_VERSION undefined. Defaulting to version 0x0800
  The contents of <string_view> are available only with C++17 or later.
C:\Users\Sam\source\repos\Havok.cc-Rust-External\rust\Overlay\Menu\Menu.hpp(50,92): warning C4305: 'argument': truncation from 'double' to 'float'
C:\Users\Sam\source\repos\Havok.cc-Rust-External\rust\Overlay\Menu\Menu.hpp(233,47): warning C4244: 'argument': conversion from 'const unsigned int' to 'float', possible loss of data
C:\Users\Sam\source\repos\Havok.cc-Rust-External\rust\Overlay\Menu\Menu.hpp(233,34): warning C4244: 'argument': conversion from 'const unsigned int' to 'float', possible loss of data
C:\Users\Sam\source\repos\Havok.cc-Rust-External\rust\Overlay\Menu\Menu.hpp(239,75): warning C4305: 'argument': truncation from 'double' to 'float'
C:\Users\Sam\source\repos\Havok.cc-Rust-External\rust\Overlay\Menu\Menu.hpp(264,78): warning C4305: 'argument': truncation from 'double' to 'float'
C:\Users\Sam\source\repos\Havok.cc-Rust-External\rust\Overlay\Overlay.cpp(17,1): warning C4005: 'DIRECTINPUT_VERSION': macro redefinition
C:\Program Files (x86)\Windows Kits\10\Include\10.0.19041.0\um\dinput.h(48): message : see previous definition of 'DIRECTINPUT_VERSION'
C:\Users\Sam\source\repos\Havok.cc-Rust-External\rust\Overlay\Overlay.cpp(65,61): warning C4305: 'argument': truncation from 'double' to 'float'
C:\Users\Sam\source\repos\Havok.cc-Rust-External\rust\Overlay\Overlay.cpp(76,62): warning C4305: 'argument': truncation from 'double' to 'float'
C:\Users\Sam\source\repos\Havok.cc-Rust-External\rust\Overlay\Overlay.cpp(155,74): warning C4267: 'argument': conversion from 'size_t' to 'int', possible loss of data
C:\Users\Sam\source\repos\Havok.cc-Rust-External\rust\Overlay\Overlay.cpp(180,49): warning C4244: 'argument': conversion from 'int' to 'float', possible loss of data
C:\Users\Sam\source\repos\Havok.cc-Rust-External\rust\Overlay\Overlay.cpp(180,46): warning C4244: 'argument': conversion from 'int' to 'float', possible loss of data
C:\Users\Sam\source\repos\Havok.cc-Rust-External\rust\Overlay\Overlay.cpp(180,154): warning C4244: 'argument': conversion from 'double' to 'float', possible loss of data
C:\Users\Sam\source\repos\Havok.cc-Rust-External\rust\Overlay\Overlay.cpp(180,136): warning C4244: 'argument': conversion from 'double' to 'float', possible loss of data
C:\Users\Sam\source\repos\Havok.cc-Rust-External\rust\Overlay\Overlay.cpp(180,118): warning C4244: 'argument': conversion from 'double' to 'float', possible loss of data
C:\Users\Sam\source\repos\Havok.cc-Rust-External\rust\Overlay\Overlay.cpp(180,100): warning C4244: 'argument': conversion from 'double' to 'float', possible loss of data
C:\Users\Sam\source\repos\Havok.cc-Rust-External\rust\Overlay\Overlay.cpp(250,48): warning C4244: 'argument': conversion from 'const unsigned int' to 'float', possible loss of data
C:\Users\Sam\source\repos\Havok.cc-Rust-External\rust\Overlay\Overlay.cpp(250,35): warning C4244: 'argument': conversion from 'const unsigned int' to 'float', possible loss of data
  Generating Code...
